<?xml version="1.0" encoding="UTF-8"?>
<testsuite name="com.priyam.robotfactory.acceptance.service.RobotFactoryServiceTest" tests="6" skipped="0" failures="0" errors="0" timestamp="2021-11-23T16:33:37" hostname="L-BKASH-MAC-03" time="0.04">
  <properties/>
  <testcase name="error case - part out of stock()" classname="com.priyam.robotfactory.acceptance.service.RobotFactoryServiceTest" time="0.019"/>
  <testcase name="error case - invalid request - empty list()" classname="com.priyam.robotfactory.acceptance.service.RobotFactoryServiceTest" time="0.003"/>
  <testcase name="should order a robot()" classname="com.priyam.robotfactory.acceptance.service.RobotFactoryServiceTest" time="0.003"/>
  <testcase name="error case - invalid request()" classname="com.priyam.robotfactory.acceptance.service.RobotFactoryServiceTest" time="0.003"/>
  <testcase name="error case - invalid request - 2 part from same category()" classname="com.priyam.robotfactory.acceptance.service.RobotFactoryServiceTest" time="0.002"/>
  <testcase name="error case - invalid request - invalid component()" classname="com.priyam.robotfactory.acceptance.service.RobotFactoryServiceTest" time="0.003"/>
  <system-out><![CDATA[2021-11-23 22:33:36.546  INFO 37835 --- [    Test worker] .b.t.c.SpringBootTestContextBootstrapper : Neither @ContextConfiguration nor @ContextHierarchy found for test class [com.priyam.robotfactory.acceptance.service.RobotFactoryServiceTest], using SpringBootContextLoader
2021-11-23 22:33:36.546  INFO 37835 --- [    Test worker] o.s.t.c.support.AbstractContextLoader    : Could not detect default resource locations for test class [com.priyam.robotfactory.acceptance.service.RobotFactoryServiceTest]: no resource found for suffixes {-context.xml, Context.groovy}.
2021-11-23 22:33:36.547  INFO 37835 --- [    Test worker] t.c.s.AnnotationConfigContextLoaderUtils : Could not detect default configuration classes for test class [com.priyam.robotfactory.acceptance.service.RobotFactoryServiceTest]: RobotFactoryServiceTest does not declare any static, non-private, non-final, nested classes annotated with @Configuration.
2021-11-23 22:33:36.553  INFO 37835 --- [    Test worker] .b.t.c.SpringBootTestContextBootstrapper : Found @SpringBootConfiguration com.priyam.robotfactory.RobotFactoryApplication for test class com.priyam.robotfactory.acceptance.service.RobotFactoryServiceTest
2021-11-23 22:33:36.555  INFO 37835 --- [    Test worker] .b.t.c.SpringBootTestContextBootstrapper : Loaded default TestExecutionListener class names from location [META-INF/spring.factories]: [com.ninjasquad.springmockk.MockkTestExecutionListener, com.ninjasquad.springmockk.ClearMocksTestExecutionListener, org.springframework.boot.test.autoconfigure.restdocs.RestDocsTestExecutionListener, org.springframework.boot.test.autoconfigure.web.client.MockRestServiceServerResetTestExecutionListener, org.springframework.boot.test.autoconfigure.web.servlet.MockMvcPrintOnlyOnFailureTestExecutionListener, org.springframework.boot.test.autoconfigure.web.servlet.WebDriverTestExecutionListener, org.springframework.boot.test.mock.mockito.MockitoTestExecutionListener, org.springframework.boot.test.mock.mockito.ResetMocksTestExecutionListener, org.springframework.test.context.web.ServletTestExecutionListener, org.springframework.test.context.support.DirtiesContextBeforeModesTestExecutionListener, org.springframework.test.context.support.DependencyInjectionTestExecutionListener, org.springframework.test.context.support.DirtiesContextTestExecutionListener, org.springframework.test.context.transaction.TransactionalTestExecutionListener, org.springframework.test.context.jdbc.SqlScriptsTestExecutionListener, org.springframework.test.context.event.EventPublishingTestExecutionListener]
2021-11-23 22:33:36.557  INFO 37835 --- [    Test worker] .b.t.c.SpringBootTestContextBootstrapper : Using TestExecutionListeners: [org.springframework.test.context.web.ServletTestExecutionListener@44270579, org.springframework.test.context.support.DirtiesContextBeforeModesTestExecutionListener@2fea1c71, com.ninjasquad.springmockk.MockkTestExecutionListener@41fcfafa, org.springframework.boot.test.mock.mockito.MockitoTestExecutionListener@32faddd4, org.springframework.boot.test.autoconfigure.SpringBootDependencyInjectionTestExecutionListener@4e0a0a3f, org.springframework.test.context.support.DirtiesContextTestExecutionListener@31fc9e1b, org.springframework.test.context.event.EventPublishingTestExecutionListener@17f189f4, com.ninjasquad.springmockk.ClearMocksTestExecutionListener@7381f2a3, org.springframework.boot.test.autoconfigure.restdocs.RestDocsTestExecutionListener@6dc4451e, org.springframework.boot.test.autoconfigure.web.client.MockRestServiceServerResetTestExecutionListener@389d12fb, org.springframework.boot.test.autoconfigure.web.servlet.MockMvcPrintOnlyOnFailureTestExecutionListener@23389235, org.springframework.boot.test.autoconfigure.web.servlet.WebDriverTestExecutionListener@5fd0781b, org.springframework.boot.test.mock.mockito.ResetMocksTestExecutionListener@10f32a4a]

  .   ____          _            __ _ _
 /\\ / ___'_ __ _ _(_)_ __  __ _ \ \ \ \
( ( )\___ | '_ | '_| | '_ \/ _` | \ \ \ \
 \\/  ___)| |_)| | | | | || (_| |  ) ) ) )
  '  |____| .__|_| |_|_| |_\__, | / / / /
 =========|_|==============|___/=/_/_/_/
 :: Spring Boot ::        (v2.2.5.RELEASE)

2021-11-23 22:33:36.577  INFO 37835 --- [    Test worker] c.p.r.a.service.RobotFactoryServiceTest  : Starting RobotFactoryServiceTest on L-BKASH-MAC-03 with PID 37835 (started by tahniat-ashraf in /Users/tahniat-ashraf/IdeaProjects/others/robot-factory)
2021-11-23 22:33:36.578  INFO 37835 --- [    Test worker] c.p.r.a.service.RobotFactoryServiceTest  : No active profile set, falling back to default profiles: default
2021-11-23 22:33:36.905  INFO 37835 --- [    Test worker] o.s.s.concurrent.ThreadPoolTaskExecutor  : Initializing ExecutorService 'applicationTaskExecutor'
2021-11-23 22:33:37.007  INFO 37835 --- [    Test worker] c.p.r.a.service.RobotFactoryServiceTest  : Started RobotFactoryServiceTest in 0.443 seconds (JVM running for 6.909)
]]></system-out>
  <system-err><![CDATA[]]></system-err>
</testsuite>
