<?xml version="1.0" encoding="UTF-8"?>
<testsuite name="com.priyam.robotfactory.acceptance.OrderARobotAcceptanceTest" tests="11" skipped="0" failures="0" errors="0" timestamp="2021-11-23T16:33:33" hostname="L-BKASH-MAC-03" time="2.685">
  <properties/>
  <testcase name="should order a robot()" classname="com.priyam.robotfactory.acceptance.OrderARobotAcceptanceTest" time="1.625"/>
  <testcase name="should give invalid request error()" classname="com.priyam.robotfactory.acceptance.OrderARobotAcceptanceTest" time="0.06"/>
  <testcase name="should not allow invalid body()" classname="com.priyam.robotfactory.acceptance.OrderARobotAcceptanceTest" time="0.067"/>
  <testcase name="should order a robot2()" classname="com.priyam.robotfactory.acceptance.OrderARobotAcceptanceTest" time="0.065"/>
  <testcase name="should not allow invalid robot configuration()" classname="com.priyam.robotfactory.acceptance.OrderARobotAcceptanceTest" time="0.045"/>
  <testcase name="should give out of stock error2()" classname="com.priyam.robotfactory.acceptance.OrderARobotAcceptanceTest" time="0.054"/>
  <testcase name="should give invalid request error2()" classname="com.priyam.robotfactory.acceptance.OrderARobotAcceptanceTest" time="0.14"/>
  <testcase name="should give invalid request error3()" classname="com.priyam.robotfactory.acceptance.OrderARobotAcceptanceTest" time="0.451"/>
  <testcase name="should give invalid request error5()" classname="com.priyam.robotfactory.acceptance.OrderARobotAcceptanceTest" time="0.061"/>
  <testcase name="should give invalid request error6()" classname="com.priyam.robotfactory.acceptance.OrderARobotAcceptanceTest" time="0.047"/>
  <testcase name="should give out of stock error()" classname="com.priyam.robotfactory.acceptance.OrderARobotAcceptanceTest" time="0.052"/>
  <system-out><![CDATA[22:33:31.001 [Test worker] DEBUG org.springframework.test.context.BootstrapUtils - Instantiating CacheAwareContextLoaderDelegate from class [org.springframework.test.context.cache.DefaultCacheAwareContextLoaderDelegate]
22:33:31.014 [Test worker] DEBUG org.springframework.test.context.BootstrapUtils - Instantiating BootstrapContext using constructor [public org.springframework.test.context.support.DefaultBootstrapContext(java.lang.Class,org.springframework.test.context.CacheAwareContextLoaderDelegate)]
22:33:31.040 [Test worker] DEBUG org.springframework.test.context.BootstrapUtils - Instantiating TestContextBootstrapper for test class [com.priyam.robotfactory.acceptance.OrderARobotAcceptanceTest] from class [org.springframework.boot.test.context.SpringBootTestContextBootstrapper]
22:33:31.063 [Test worker] INFO org.springframework.boot.test.context.SpringBootTestContextBootstrapper - Neither @ContextConfiguration nor @ContextHierarchy found for test class [com.priyam.robotfactory.acceptance.OrderARobotAcceptanceTest], using SpringBootContextLoader
22:33:31.068 [Test worker] DEBUG org.springframework.test.context.support.AbstractContextLoader - Did not detect default resource location for test class [com.priyam.robotfactory.acceptance.OrderARobotAcceptanceTest]: class path resource [com/priyam/robotfactory/acceptance/OrderARobotAcceptanceTest-context.xml] does not exist
22:33:31.069 [Test worker] DEBUG org.springframework.test.context.support.AbstractContextLoader - Did not detect default resource location for test class [com.priyam.robotfactory.acceptance.OrderARobotAcceptanceTest]: class path resource [com/priyam/robotfactory/acceptance/OrderARobotAcceptanceTestContext.groovy] does not exist
22:33:31.069 [Test worker] INFO org.springframework.test.context.support.AbstractContextLoader - Could not detect default resource locations for test class [com.priyam.robotfactory.acceptance.OrderARobotAcceptanceTest]: no resource found for suffixes {-context.xml, Context.groovy}.
22:33:31.071 [Test worker] INFO org.springframework.test.context.support.AnnotationConfigContextLoaderUtils - Could not detect default configuration classes for test class [com.priyam.robotfactory.acceptance.OrderARobotAcceptanceTest]: OrderARobotAcceptanceTest does not declare any static, non-private, non-final, nested classes annotated with @Configuration.
22:33:31.113 [Test worker] DEBUG org.springframework.test.context.support.ActiveProfilesUtils - Could not find an 'annotation declaring class' for annotation type [org.springframework.test.context.ActiveProfiles] and class [com.priyam.robotfactory.acceptance.OrderARobotAcceptanceTest]
22:33:31.166 [Test worker] DEBUG org.springframework.context.annotation.ClassPathScanningCandidateComponentProvider - Identified candidate component class: file [/Users/tahniat-ashraf/IdeaProjects/others/robot-factory/build/classes/kotlin/main/com/priyam/robotfactory/RobotFactoryApplication.class]
22:33:31.167 [Test worker] INFO org.springframework.boot.test.context.SpringBootTestContextBootstrapper - Found @SpringBootConfiguration com.priyam.robotfactory.RobotFactoryApplication for test class com.priyam.robotfactory.acceptance.OrderARobotAcceptanceTest
22:33:31.242 [Test worker] DEBUG org.springframework.boot.test.context.SpringBootTestContextBootstrapper - @TestExecutionListeners is not present for class [com.priyam.robotfactory.acceptance.OrderARobotAcceptanceTest]: using defaults.
22:33:31.243 [Test worker] INFO org.springframework.boot.test.context.SpringBootTestContextBootstrapper - Loaded default TestExecutionListener class names from location [META-INF/spring.factories]: [com.ninjasquad.springmockk.MockkTestExecutionListener, com.ninjasquad.springmockk.ClearMocksTestExecutionListener, org.springframework.boot.test.autoconfigure.restdocs.RestDocsTestExecutionListener, org.springframework.boot.test.autoconfigure.web.client.MockRestServiceServerResetTestExecutionListener, org.springframework.boot.test.autoconfigure.web.servlet.MockMvcPrintOnlyOnFailureTestExecutionListener, org.springframework.boot.test.autoconfigure.web.servlet.WebDriverTestExecutionListener, org.springframework.boot.test.mock.mockito.MockitoTestExecutionListener, org.springframework.boot.test.mock.mockito.ResetMocksTestExecutionListener, org.springframework.test.context.web.ServletTestExecutionListener, org.springframework.test.context.support.DirtiesContextBeforeModesTestExecutionListener, org.springframework.test.context.support.DependencyInjectionTestExecutionListener, org.springframework.test.context.support.DirtiesContextTestExecutionListener, org.springframework.test.context.transaction.TransactionalTestExecutionListener, org.springframework.test.context.jdbc.SqlScriptsTestExecutionListener, org.springframework.test.context.event.EventPublishingTestExecutionListener]
22:33:31.469 [Test worker] DEBUG org.springframework.boot.test.context.SpringBootTestContextBootstrapper - Skipping candidate TestExecutionListener [org.springframework.test.context.transaction.TransactionalTestExecutionListener] due to a missing dependency. Specify custom listener classes or make the default listener classes and their required dependencies available. Offending class: [org/springframework/transaction/interceptor/TransactionAttributeSource]
22:33:31.470 [Test worker] DEBUG org.springframework.boot.test.context.SpringBootTestContextBootstrapper - Skipping candidate TestExecutionListener [org.springframework.test.context.jdbc.SqlScriptsTestExecutionListener] due to a missing dependency. Specify custom listener classes or make the default listener classes and their required dependencies available. Offending class: [org/springframework/transaction/interceptor/TransactionAttribute]
22:33:31.470 [Test worker] INFO org.springframework.boot.test.context.SpringBootTestContextBootstrapper - Using TestExecutionListeners: [org.springframework.test.context.web.ServletTestExecutionListener@c611288, org.springframework.test.context.support.DirtiesContextBeforeModesTestExecutionListener@66a2f18d, com.ninjasquad.springmockk.MockkTestExecutionListener@3ffa5ca1, org.springframework.boot.test.mock.mockito.MockitoTestExecutionListener@4ceeb5ea, org.springframework.boot.test.autoconfigure.SpringBootDependencyInjectionTestExecutionListener@481f0bad, org.springframework.test.context.support.DirtiesContextTestExecutionListener@39c0a5ba, org.springframework.test.context.event.EventPublishingTestExecutionListener@5432e977, com.ninjasquad.springmockk.ClearMocksTestExecutionListener@6dca57fe, org.springframework.boot.test.autoconfigure.restdocs.RestDocsTestExecutionListener@5db87b89, org.springframework.boot.test.autoconfigure.web.client.MockRestServiceServerResetTestExecutionListener@6169e8f1, org.springframework.boot.test.autoconfigure.web.servlet.MockMvcPrintOnlyOnFailureTestExecutionListener@2253ccfa, org.springframework.boot.test.autoconfigure.web.servlet.WebDriverTestExecutionListener@1d191ae9, org.springframework.boot.test.mock.mockito.ResetMocksTestExecutionListener@3e34ef0]
22:33:31.473 [Test worker] DEBUG org.springframework.test.context.support.AbstractDirtiesContextTestExecutionListener - Before test class: context [DefaultTestContext@4b174be6 testClass = OrderARobotAcceptanceTest, testInstance = [null], testMethod = [null], testException = [null], mergedContextConfiguration = [WebMergedContextConfiguration@b6471f7 testClass = OrderARobotAcceptanceTest, locations = '{}', classes = '{class com.priyam.robotfactory.RobotFactoryApplication}', contextInitializerClasses = '[]', activeProfiles = '{}', propertySourceLocations = '{}', propertySourceProperties = '{org.springframework.boot.test.context.SpringBootTestContextBootstrapper=true, server.port=0}', contextCustomizers = set[MockkContextCustomizer(definitions=[]), org.springframework.boot.test.autoconfigure.properties.PropertyMappingContextCustomizer@0, org.springframework.boot.test.autoconfigure.web.servlet.WebDriverContextCustomizerFactory$Customizer@37e90292, org.springframework.boot.test.context.filter.ExcludeFilterContextCustomizer@14145b48, org.springframework.boot.test.json.DuplicateJsonObjectContextCustomizerFactory$DuplicateJsonObjectContextCustomizer@39f6f485, org.springframework.boot.test.mock.mockito.MockitoContextCustomizer@0, org.springframework.boot.test.web.client.TestRestTemplateContextCustomizer@5e5ca599], resourceBasePath = 'src/main/webapp', contextLoader = 'org.springframework.boot.test.context.SpringBootContextLoader', parent = [null]], attributes = map['org.springframework.test.context.web.ServletTestExecutionListener.activateListener' -> false]], class annotated with @DirtiesContext [false] with mode [null].
22:33:31.562 [Test worker] DEBUG org.springframework.test.context.support.DependencyInjectionTestExecutionListener - Performing dependency injection for test context [[DefaultTestContext@4b174be6 testClass = OrderARobotAcceptanceTest, testInstance = com.priyam.robotfactory.acceptance.OrderARobotAcceptanceTest@1d642e9c, testMethod = [null], testException = [null], mergedContextConfiguration = [WebMergedContextConfiguration@b6471f7 testClass = OrderARobotAcceptanceTest, locations = '{}', classes = '{class com.priyam.robotfactory.RobotFactoryApplication}', contextInitializerClasses = '[]', activeProfiles = '{}', propertySourceLocations = '{}', propertySourceProperties = '{org.springframework.boot.test.context.SpringBootTestContextBootstrapper=true, server.port=0}', contextCustomizers = set[MockkContextCustomizer(definitions=[]), org.springframework.boot.test.autoconfigure.properties.PropertyMappingContextCustomizer@0, org.springframework.boot.test.autoconfigure.web.servlet.WebDriverContextCustomizerFactory$Customizer@37e90292, org.springframework.boot.test.context.filter.ExcludeFilterContextCustomizer@14145b48, org.springframework.boot.test.json.DuplicateJsonObjectContextCustomizerFactory$DuplicateJsonObjectContextCustomizer@39f6f485, org.springframework.boot.test.mock.mockito.MockitoContextCustomizer@0, org.springframework.boot.test.web.client.TestRestTemplateContextCustomizer@5e5ca599], resourceBasePath = 'src/main/webapp', contextLoader = 'org.springframework.boot.test.context.SpringBootContextLoader', parent = [null]], attributes = map['org.springframework.test.context.web.ServletTestExecutionListener.activateListener' -> false]]].
22:33:31.579 [Test worker] DEBUG org.springframework.test.context.support.TestPropertySourceUtils - Adding inlined properties to environment: {spring.jmx.enabled=false, org.springframework.boot.test.context.SpringBootTestContextBootstrapper=true, server.port=0}

  .   ____          _            __ _ _
 /\\ / ___'_ __ _ _(_)_ __  __ _ \ \ \ \
( ( )\___ | '_ | '_| | '_ \/ _` | \ \ \ \
 \\/  ___)| |_)| | | | | || (_| |  ) ) ) )
  '  |____| .__|_| |_|_| |_\__, | / / / /
 =========|_|==============|___/=/_/_/_/
 :: Spring Boot ::        (v2.2.5.RELEASE)

2021-11-23 22:33:31.850  INFO 37835 --- [    Test worker] c.p.r.a.OrderARobotAcceptanceTest        : Starting OrderARobotAcceptanceTest on L-BKASH-MAC-03 with PID 37835 (started by tahniat-ashraf in /Users/tahniat-ashraf/IdeaProjects/others/robot-factory)
2021-11-23 22:33:31.851  INFO 37835 --- [    Test worker] c.p.r.a.OrderARobotAcceptanceTest        : No active profile set, falling back to default profiles: default
2021-11-23 22:33:32.970  INFO 37835 --- [    Test worker] o.s.b.w.embedded.tomcat.TomcatWebServer  : Tomcat initialized with port(s): 0 (http)
2021-11-23 22:33:32.987  INFO 37835 --- [    Test worker] o.apache.catalina.core.StandardService   : Starting service [Tomcat]
2021-11-23 22:33:32.987  INFO 37835 --- [    Test worker] org.apache.catalina.core.StandardEngine  : Starting Servlet engine: [Apache Tomcat/9.0.31]
2021-11-23 22:33:33.125  INFO 37835 --- [    Test worker] o.a.c.c.C.[Tomcat].[localhost].[/]       : Initializing Spring embedded WebApplicationContext
2021-11-23 22:33:33.125  INFO 37835 --- [    Test worker] o.s.web.context.ContextLoader            : Root WebApplicationContext: initialization completed in 1021 ms
2021-11-23 22:33:33.398  INFO 37835 --- [    Test worker] o.s.s.concurrent.ThreadPoolTaskExecutor  : Initializing ExecutorService 'applicationTaskExecutor'
2021-11-23 22:33:33.842  INFO 37835 --- [    Test worker] o.s.b.w.embedded.tomcat.TomcatWebServer  : Tomcat started on port(s): 64621 (http) with context path ''
2021-11-23 22:33:33.845  INFO 37835 --- [    Test worker] c.p.r.a.OrderARobotAcceptanceTest        : Started OrderARobotAcceptanceTest in 2.263 seconds (JVM running for 3.747)
2021-11-23 22:33:34.960  INFO 37835 --- [o-auto-1-exec-1] o.a.c.c.C.[Tomcat].[localhost].[/]       : Initializing Spring DispatcherServlet 'dispatcherServlet'
2021-11-23 22:33:34.961  INFO 37835 --- [o-auto-1-exec-1] o.s.web.servlet.DispatcherServlet        : Initializing Servlet 'dispatcherServlet'
2021-11-23 22:33:34.975  INFO 37835 --- [o-auto-1-exec-1] o.s.web.servlet.DispatcherServlet        : Completed initialization in 14 ms
2021-11-23 22:33:35.089  INFO 37835 --- [o-auto-1-exec-1] c.p.r.controller.RobotFactoryController  : createOrder :: request CreateOrderRequest(components=[I, A, D, F])
2021-11-23 22:33:35.092  INFO 37835 --- [o-auto-1-exec-1] c.p.r.r.RobotPartStockRepositoryImpl     : reserveStock :: request [I, A, D, F], stock Stock(robotParts={A=RobotPart(price=10.28, available=9, name=Humanoid Face, type=FACE), B=RobotPart(price=24.07, available=7, name=LCD Face, type=FACE), C=RobotPart(price=13.3, available=0, name=Steampunk Face, type=FACE), D=RobotPart(price=28.94, available=1, name=Arms with Hands, type=ARMS), E=RobotPart(price=12.39, available=3, name=Arms with Grippers, type=ARMS), F=RobotPart(price=30.77, available=2, name=Mobility with Wheels, type=MOBILITY), G=RobotPart(price=55.13, available=15, name=Mobility with Legs, type=MOBILITY), H=RobotPart(price=50.0, available=7, name=Mobility with Tracks, type=MOBILITY), I=RobotPart(price=90.12, available=92, name=Material Bioplastic, type=MATERIAL), J=RobotPart(price=82.31, available=15, name=Material Metallic, type=MATERIAL)})
2021-11-23 22:33:35.093  INFO 37835 --- [o-auto-1-exec-1] c.p.r.r.RobotPartStockRepositoryImpl     : reserveStock :: response 3925785f-28fc-4fae-be5c-ab25dd1652d2, stock Stock(robotParts={A=RobotPart(price=10.28, available=8, name=Humanoid Face, type=FACE), B=RobotPart(price=24.07, available=7, name=LCD Face, type=FACE), C=RobotPart(price=13.3, available=0, name=Steampunk Face, type=FACE), D=RobotPart(price=28.94, available=0, name=Arms with Hands, type=ARMS), E=RobotPart(price=12.39, available=3, name=Arms with Grippers, type=ARMS), F=RobotPart(price=30.77, available=1, name=Mobility with Wheels, type=MOBILITY), G=RobotPart(price=55.13, available=15, name=Mobility with Legs, type=MOBILITY), H=RobotPart(price=50.0, available=7, name=Mobility with Tracks, type=MOBILITY), I=RobotPart(price=90.12, available=91, name=Material Bioplastic, type=MATERIAL), J=RobotPart(price=82.31, available=15, name=Material Metallic, type=MATERIAL)})
2021-11-23 22:33:35.094  INFO 37835 --- [o-auto-1-exec-1] c.p.r.controller.RobotFactoryController  : createOrder :: response (CreateOrderResponse(orderId=3925785f-28fc-4fae-be5c-ab25dd1652d2, total=160.11, errorMessage=null), 201 CREATED)
2021-11-23 22:33:35.527  INFO 37835 --- [o-auto-1-exec-2] c.p.r.controller.RobotFactoryController  : createOrder :: request CreateOrderRequest(components=[I, C, D])
2021-11-23 22:33:35.528  INFO 37835 --- [o-auto-1-exec-2] c.p.r.controller.RobotFactoryController  : createOrder :: response (CreateOrderResponse(orderId=null, total=null, errorMessage=Invalid request! Please make sure to order exactly one part from each of the four categories (face, material, arms, mobility).), 422 UNPROCESSABLE_ENTITY)
2021-11-23 22:33:35.592  WARN 37835 --- [o-auto-1-exec-3] .w.s.m.s.DefaultHandlerExceptionResolver : Resolved [org.springframework.http.converter.HttpMessageNotReadableException: Invalid JSON input: Cannot deserialize instance of `java.util.ArrayList<java.lang.Object>` out of VALUE_STRING token; nested exception is com.fasterxml.jackson.databind.exc.MismatchedInputException: Cannot deserialize instance of `java.util.ArrayList<java.lang.Object>` out of VALUE_STRING token
 at [Source: (PushbackInputStream); line: 3, column: 39] (through reference chain: com.priyam.robotfactory.model.request.CreateOrderRequest["components"])]
2021-11-23 22:33:35.659  INFO 37835 --- [o-auto-1-exec-4] c.p.r.controller.RobotFactoryController  : createOrder :: request CreateOrderRequest(components=[B, G, E, J])
2021-11-23 22:33:35.659  INFO 37835 --- [o-auto-1-exec-4] c.p.r.r.RobotPartStockRepositoryImpl     : reserveStock :: request [B, G, E, J], stock Stock(robotParts={A=RobotPart(price=10.28, available=8, name=Humanoid Face, type=FACE), B=RobotPart(price=24.07, available=7, name=LCD Face, type=FACE), C=RobotPart(price=13.3, available=0, name=Steampunk Face, type=FACE), D=RobotPart(price=28.94, available=0, name=Arms with Hands, type=ARMS), E=RobotPart(price=12.39, available=3, name=Arms with Grippers, type=ARMS), F=RobotPart(price=30.77, available=1, name=Mobility with Wheels, type=MOBILITY), G=RobotPart(price=55.13, available=15, name=Mobility with Legs, type=MOBILITY), H=RobotPart(price=50.0, available=7, name=Mobility with Tracks, type=MOBILITY), I=RobotPart(price=90.12, available=91, name=Material Bioplastic, type=MATERIAL), J=RobotPart(price=82.31, available=15, name=Material Metallic, type=MATERIAL)})
2021-11-23 22:33:35.659  INFO 37835 --- [o-auto-1-exec-4] c.p.r.r.RobotPartStockRepositoryImpl     : reserveStock :: response 1846c628-19d1-4c8e-9e24-8989979fd7d6, stock Stock(robotParts={A=RobotPart(price=10.28, available=8, name=Humanoid Face, type=FACE), B=RobotPart(price=24.07, available=6, name=LCD Face, type=FACE), C=RobotPart(price=13.3, available=0, name=Steampunk Face, type=FACE), D=RobotPart(price=28.94, available=0, name=Arms with Hands, type=ARMS), E=RobotPart(price=12.39, available=2, name=Arms with Grippers, type=ARMS), F=RobotPart(price=30.77, available=1, name=Mobility with Wheels, type=MOBILITY), G=RobotPart(price=55.13, available=14, name=Mobility with Legs, type=MOBILITY), H=RobotPart(price=50.0, available=7, name=Mobility with Tracks, type=MOBILITY), I=RobotPart(price=90.12, available=91, name=Material Bioplastic, type=MATERIAL), J=RobotPart(price=82.31, available=14, name=Material Metallic, type=MATERIAL)})
2021-11-23 22:33:35.659  INFO 37835 --- [o-auto-1-exec-4] c.p.r.controller.RobotFactoryController  : createOrder :: response (CreateOrderResponse(orderId=1846c628-19d1-4c8e-9e24-8989979fd7d6, total=173.90, errorMessage=null), 201 CREATED)
2021-11-23 22:33:35.721  INFO 37835 --- [o-auto-1-exec-5] c.p.r.controller.RobotFactoryController  : createOrder :: request CreateOrderRequest(components=[A, C, I, D])
2021-11-23 22:33:35.721  INFO 37835 --- [o-auto-1-exec-5] c.p.r.controller.RobotFactoryController  : createOrder :: response (CreateOrderResponse(orderId=null, total=null, errorMessage=Invalid request! Please make sure to order exactly one part from each of the four categories (face, material, arms, mobility).), 422 UNPROCESSABLE_ENTITY)
2021-11-23 22:33:35.768  INFO 37835 --- [o-auto-1-exec-6] c.p.r.controller.RobotFactoryController  : createOrder :: request CreateOrderRequest(components=[I, C, D, F])
2021-11-23 22:33:35.769  INFO 37835 --- [o-auto-1-exec-6] c.p.r.r.RobotPartStockRepositoryImpl     : reserveStock :: request [I, C, D, F], stock Stock(robotParts={A=RobotPart(price=10.28, available=8, name=Humanoid Face, type=FACE), B=RobotPart(price=24.07, available=6, name=LCD Face, type=FACE), C=RobotPart(price=13.3, available=0, name=Steampunk Face, type=FACE), D=RobotPart(price=28.94, available=0, name=Arms with Hands, type=ARMS), E=RobotPart(price=12.39, available=2, name=Arms with Grippers, type=ARMS), F=RobotPart(price=30.77, available=1, name=Mobility with Wheels, type=MOBILITY), G=RobotPart(price=55.13, available=14, name=Mobility with Legs, type=MOBILITY), H=RobotPart(price=50.0, available=7, name=Mobility with Tracks, type=MOBILITY), I=RobotPart(price=90.12, available=91, name=Material Bioplastic, type=MATERIAL), J=RobotPart(price=82.31, available=14, name=Material Metallic, type=MATERIAL)})
2021-11-23 22:33:35.769 ERROR 37835 --- [o-auto-1-exec-6] c.p.r.r.RobotPartStockRepositoryImpl     : reserveStock :: response :: C is out of stock. Please try again later.
2021-11-23 22:33:35.769  INFO 37835 --- [o-auto-1-exec-6] c.p.r.controller.RobotFactoryController  : createOrder :: response (CreateOrderResponse(orderId=null, total=null, errorMessage=C is out of stock. Please try again later.), 422 UNPROCESSABLE_ENTITY)
2021-11-23 22:33:35.821  INFO 37835 --- [o-auto-1-exec-7] c.p.r.controller.RobotFactoryController  : createOrder :: request CreateOrderRequest(components=[I, A, B, F])
2021-11-23 22:33:35.821  INFO 37835 --- [o-auto-1-exec-7] c.p.r.controller.RobotFactoryController  : createOrder :: response (CreateOrderResponse(orderId=null, total=null, errorMessage=Invalid request! Please make sure to order exactly one part from each of the four categories (face, material, arms, mobility).), 422 UNPROCESSABLE_ENTITY)
2021-11-23 22:33:36.361  INFO 37835 --- [o-auto-1-exec-3] c.p.r.controller.RobotFactoryController  : createOrder :: request CreateOrderRequest(components=[])
2021-11-23 22:33:36.361  INFO 37835 --- [o-auto-1-exec-3] c.p.r.controller.RobotFactoryController  : createOrder :: response (CreateOrderResponse(orderId=null, total=null, errorMessage=Invalid request! Please make sure to order exactly one part from each of the four categories (face, material, arms, mobility).), 422 UNPROCESSABLE_ENTITY)
2021-11-23 22:33:36.424  INFO 37835 --- [o-auto-1-exec-4] c.p.r.controller.RobotFactoryController  : createOrder :: request CreateOrderRequest(components=[I, A, D, Z])
2021-11-23 22:33:36.425  INFO 37835 --- [o-auto-1-exec-4] c.p.r.controller.RobotFactoryController  : createOrder :: response (CreateOrderResponse(orderId=null, total=null, errorMessage=Invalid component Z), 422 UNPROCESSABLE_ENTITY)
2021-11-23 22:33:36.477  INFO 37835 --- [o-auto-1-exec-5] c.p.r.controller.RobotFactoryController  : createOrder :: request CreateOrderRequest(components=[I, A, D, F, F])
2021-11-23 22:33:36.477  INFO 37835 --- [o-auto-1-exec-5] c.p.r.controller.RobotFactoryController  : createOrder :: response (CreateOrderResponse(orderId=null, total=null, errorMessage=Invalid request! Please make sure to order exactly one part from each of the four categories (face, material, arms, mobility).), 422 UNPROCESSABLE_ENTITY)
2021-11-23 22:33:36.530  INFO 37835 --- [o-auto-1-exec-6] c.p.r.controller.RobotFactoryController  : createOrder :: request CreateOrderRequest(components=[B, G, D, J])
2021-11-23 22:33:36.531  INFO 37835 --- [o-auto-1-exec-6] c.p.r.r.RobotPartStockRepositoryImpl     : reserveStock :: request [B, G, D, J], stock Stock(robotParts={A=RobotPart(price=10.28, available=8, name=Humanoid Face, type=FACE), B=RobotPart(price=24.07, available=6, name=LCD Face, type=FACE), C=RobotPart(price=13.3, available=0, name=Steampunk Face, type=FACE), D=RobotPart(price=28.94, available=0, name=Arms with Hands, type=ARMS), E=RobotPart(price=12.39, available=2, name=Arms with Grippers, type=ARMS), F=RobotPart(price=30.77, available=1, name=Mobility with Wheels, type=MOBILITY), G=RobotPart(price=55.13, available=14, name=Mobility with Legs, type=MOBILITY), H=RobotPart(price=50.0, available=7, name=Mobility with Tracks, type=MOBILITY), I=RobotPart(price=90.12, available=91, name=Material Bioplastic, type=MATERIAL), J=RobotPart(price=82.31, available=14, name=Material Metallic, type=MATERIAL)})
2021-11-23 22:33:36.531 ERROR 37835 --- [o-auto-1-exec-6] c.p.r.r.RobotPartStockRepositoryImpl     : reserveStock :: response :: D is out of stock. Please try again later.
2021-11-23 22:33:36.531  INFO 37835 --- [o-auto-1-exec-6] c.p.r.controller.RobotFactoryController  : createOrder :: response (CreateOrderResponse(orderId=null, total=null, errorMessage=D is out of stock. Please try again later.), 422 UNPROCESSABLE_ENTITY)
]]></system-out>
  <system-err><![CDATA[]]></system-err>
</testsuite>
